<?xml version="1.0" encoding="UTF-8"?>
<!-- Generated by org.testng.reporters.JUnitXMLReporter -->
<testsuite ignored="0" hostname="Salenium-01" failures="1" tests="1" name="test-1" time="20.534" errors="0" timestamp="2022-10-04T19:58:14 GMT-04:00">
  <testcase classname="com.webOrder.test.Weborder_create" name="createOrder" time="6.778">
    <failure type="java.lang.AssertionError" message="expected [Quantity must be greater than zero.] but found [Field &amp;apos;Customer name&amp;apos; cannot be empty.]">
      <![CDATA[java.lang.AssertionError: expected [Quantity must be greater than zero.] but found [Field 'Customer name' cannot be empty.]
at com.webOrder.home.WebOrder_CreateOrderPage.verifyErrorMessage(WebOrder_CreateOrderPage.java:168)
at com.webOrder.test.Weborder_create.createOrder(Weborder_create.java:82)
at java.base/java.util.ArrayList.forEach(ArrayList.java:1511)
... Removed 31 stack frames]]>
    </failure>
  </testcase> <!-- createOrder -->
</testsuite> <!-- test-1 -->
