<?xml version="1.0" encoding="UTF-8"?>
<!-- Generated by org.testng.reporters.JUnitReportReporter -->
<testsuite hostname="Salenium-01" failures="0" tests="1" name="com.webOrder.test.WebOrder_List_of_Orders" time="1.720" errors="0" timestamp="2022-10-02T17:10:11 GMT-04:00" skipped="0">
  <testcase classname="com.webOrder.test.WebOrder_List_of_Orders" name="verify_orders" time="1.720"/>
  <system-out/>
</testsuite> <!-- com.webOrder.test.WebOrder_List_of_Orders -->
