<?xml version="1.0" encoding="UTF-8"?>
<!-- Generated by org.testng.reporters.JUnitReportReporter -->
<testsuite hostname="Salenium-01" failures="0" tests="1" name="com.webOrder.test.WebOrder_Login" time="4.844" errors="0" timestamp="2022-09-30T14:44:48 GMT-04:00" skipped="0">
  <testcase classname="com.webOrder.test.WebOrder_Login" name="logoVerifyTest" time="4.844"/>
  <system-out/>
</testsuite> <!-- com.webOrder.test.WebOrder_Login -->
